<?xml version="1.0" encoding="UTF-8"?>
<!-- Generated by org.testng.reporters.JUnitReportReporter -->
<testsuite hostname="LAPTOP-07IEMPER" name="TestngTst.TestDemo.ThirdTest" tests="1" failures="0" timestamp="3 Mar 2021 12:22:25 GMT" time="0.016" errors="0">
  <testcase name="third" time="0.016" classname="TestngTst.TestDemo.ThirdTest"/>
</testsuite> <!-- TestngTst.TestDemo.ThirdTest -->
