<?xml version="1.0" encoding="UTF-8"?>
<!-- Generated by org.testng.reporters.JUnitReportReporter -->
<testsuite hostname="LAPTOP-07IEMPER" name="TestngTst.TestDemo.SecondTest" tests="1" failures="0" timestamp="3 Mar 2021 12:22:25 GMT" time="0.000" errors="0">
  <testcase name="Daytwo" time="0.000" classname="TestngTst.TestDemo.SecondTest"/>
</testsuite> <!-- TestngTst.TestDemo.SecondTest -->
