<?xml version="1.0" encoding="UTF-8"?>
<!-- Generated by org.testng.reporters.JUnitReportReporter -->
<testsuite hostname="LAPTOP-07IEMPER" name="TestngTst.TestDemo.FirstTest" tests="1" failures="0" timestamp="1 Mar 2021 23:24:40 GMT" time="0.009" errors="0">
  <testcase name="Hello1" time="0.009" classname="TestngTst.TestDemo.FirstTest"/>
</testsuite> <!-- TestngTst.TestDemo.FirstTest -->
