<?xml version="1.0" encoding="UTF-8"?>
<!-- Generated by org.testng.reporters.JUnitReportReporter -->
<testsuite hostname="LAPTOP-07IEMPER" name="TestngTst.TestDemo.FirstTest" tests="1" failures="0" timestamp="3 Mar 2021 12:22:25 GMT" time="0.000" errors="0">
  <testcase name="Hello1" time="0.000" classname="TestngTst.TestDemo.FirstTest"/>
</testsuite> <!-- TestngTst.TestDemo.FirstTest -->
